<?xml version="1.0" encoding="UTF-8"?>
<!-- Generated by org.testng.reporters.JUnitReportReporter -->
<testsuite hostname="DESKTOP-SONOGT0" failures="0" tests="1" name="tests.SelectTest" time="0.000" errors="0" timestamp="2025-07-09T21:31:23 IST" skipped="1">
  <testcase classname="tests.SelectTest" name="case1" time="0.000">
    <skipped/>
  </testcase> <!-- case1 -->
</testsuite> <!-- tests.SelectTest -->
