<?xml version="1.0" encoding="UTF-8"?>
<!-- Generated by org.testng.reporters.JUnitReportReporter -->
<testsuite hostname="DESKTOP-SONOGT0" failures="0" tests="1" name="tests.TooltipPage" time="1.693" errors="0" timestamp="2025-07-09T22:13:59 IST" skipped="0">
  <testcase classname="tests.TooltipPage" name="case1" time="1.693"/>
</testsuite> <!-- tests.TooltipPage -->
