<?xml version="1.0" encoding="UTF-8"?>
<!-- Generated by org.testng.reporters.JUnitReportReporter -->
<testsuite hostname="Pragati-MA" failures="0" tests="1" name="tests.openPage" time="2.072" errors="0" timestamp="2024-06-10T15:39:18 IST" skipped="0">
  <testcase classname="tests.openPage" name="case1" time="2.072"/>
</testsuite> <!-- tests.openPage -->
