<?xml version="1.0" encoding="UTF-8"?>
<!-- Generated by org.testng.reporters.JUnitReportReporter -->
<testsuite hostname="Pragati-MA" failures="0" tests="1" name="tests.DragTest" time="4.055" errors="0" timestamp="2024-07-11T14:46:30 IST" skipped="0">
  <testcase classname="tests.DragTest" name="case3" time="4.055"/>
</testsuite> <!-- tests.DragTest -->
