<?xml version="1.0" encoding="UTF-8"?>
<!-- Generated by org.testng.reporters.JUnitReportReporter -->
<testsuite hostname="Pragati-MA" failures="0" tests="1" name="tests.SortPage" time="2.427" errors="0" timestamp="2024-07-18T16:04:37 IST" skipped="0">
  <testcase classname="tests.SortPage" name="case3" time="2.427"/>
</testsuite> <!-- tests.SortPage -->
