<?xml version="1.0" encoding="UTF-8"?>
<!-- Generated by org.testng.reporters.JUnitReportReporter -->
<testsuite hostname="DESKTOP-SONOGT0" failures="0" tests="2" name="tests.radioPage" time="14.920" errors="0" timestamp="2025-07-09T22:13:59 IST" skipped="0">
  <testcase classname="tests.radioPage" name="case5" time="11.317"/>
  <testcase classname="tests.radioPage" name="case4" time="3.603"/>
</testsuite> <!-- tests.radioPage -->
