<?xml version="1.0" encoding="UTF-8"?>
<!-- Generated by org.testng.reporters.JUnitReportReporter -->
<testsuite hostname="DESKTOP-SONOGT0" failures="0" tests="4" name="tests.AlertPage" time="10.377" errors="0" timestamp="2025-07-09T22:13:59 IST" skipped="0">
  <testcase classname="tests.AlertPage" name="case3" time="6.040"/>
  <testcase classname="tests.AlertPage" name="case4" time="1.626"/>
  <testcase classname="tests.AlertPage" name="case1" time="1.483"/>
  <testcase classname="tests.AlertPage" name="case2" time="1.228"/>
</testsuite> <!-- tests.AlertPage -->
