<?xml version="1.0" encoding="UTF-8"?>
<!-- Generated by org.testng.reporters.JUnitReportReporter -->
<testsuite hostname="LT-pram" failures="0" tests="2" name="tests.TablePage" time="0.001" errors="0" timestamp="2025-04-25T22:21:14 IST" skipped="2">
  <testcase classname="tests.TablePage" name="case1" time="0.001">
    <skipped/>
  </testcase> <!-- case1 -->
  <testcase classname="tests.TablePage" name="case2" time="0.000">
    <skipped/>
  </testcase> <!-- case2 -->
</testsuite> <!-- tests.TablePage -->
