<?xml version="1.0" encoding="UTF-8"?>
<!-- Generated by org.testng.reporters.JUnitReportReporter -->
<testsuite hostname="LT-pram" failures="0" tests="3" name="tests.FormPage" time="0.000" errors="0" timestamp="2025-04-25T22:21:14 IST" skipped="3">
  <testcase classname="tests.FormPage" name="case3" time="0.000">
    <skipped/>
  </testcase> <!-- case3 -->
  <testcase classname="tests.FormPage" name="case2" time="0.000">
    <skipped/>
  </testcase> <!-- case2 -->
  <testcase classname="tests.FormPage" name="case1" time="0.000">
    <skipped/>
  </testcase> <!-- case1 -->
</testsuite> <!-- tests.FormPage -->
