<?xml version="1.0" encoding="UTF-8"?>
<!-- Generated by org.testng.reporters.JUnitReportReporter -->
<testsuite hostname="LT-pram" failures="0" tests="1" name="tests.CalendarPage" time="0.000" errors="0" timestamp="2025-04-25T22:21:14 IST" skipped="1">
  <testcase classname="tests.CalendarPage" name="case1" time="0.000">
    <skipped/>
  </testcase> <!-- case1 -->
</testsuite> <!-- tests.CalendarPage -->
