<?xml version="1.0" encoding="UTF-8"?>
<!-- Generated by org.testng.reporters.JUnitReportReporter -->
<testsuite hostname="LT-pram" failures="0" tests="1" name="imp.sample" time="2.874" errors="0" timestamp="2024-08-12T18:32:13 IST" skipped="0">
  <testcase classname="imp.sample" name="start_test" time="2.874"/>
</testsuite> <!-- imp.sample -->
