<?xml version="1.0" encoding="UTF-8"?>
<!-- Generated by org.testng.reporters.JUnitReportReporter -->
<testsuite hostname="DESKTOP-SONOGT0" failures="0" tests="2" name="tests.DragDropTest" time="2.495" errors="0" timestamp="2025-07-09T22:13:59 IST" skipped="0">
  <testcase classname="tests.DragDropTest" name="case2" time="1.047"/>
  <testcase classname="tests.DragDropTest" name="case1" time="1.448"/>
</testsuite> <!-- tests.DragDropTest -->
