<?xml version="1.0" encoding="UTF-8"?>
<!-- Generated by org.testng.reporters.JUnitReportReporter -->
<testsuite hostname="Pragati-MA" failures="0" tests="1" name="selenium.selenium.selenium1" time="2.350" errors="0" timestamp="2024-05-28T15:44:20 IST" skipped="0">
  <testcase classname="selenium.selenium.selenium1" name="test1" time="2.350"/>
</testsuite> <!-- selenium.selenium.selenium1 -->
